make all --print-data-base --no-builtin-variables --no-builtin-rules --question
# GNU Make 4.2.1
# Built for x86_64-pc-linux-gnu
# Copyright (C) 1988-2016 Free Software Foundation, Inc.
# License GPLv3+: GNU GPL version 3 or later <http://gnu.org/licenses/gpl.html>
# This is free software: you are free to change and redistribute it.
# There is NO WARRANTY, to the extent permitted by law.

# Make data base, printed on Sat Jun 25 10:37:36 2022

# Variables

# automatic
<D = $(patsubst %/,%,$(dir $<))
# automatic
?F = $(notdir $?)
# environment
DESKTOP_SESSION = lxqt
# default
.SHELLFLAGS := -c
# makefile (from 'Makefile', line 6)
OBJ = $(SRC:%.c=%.o)
# environment
XDG_SESSION_CLASS = user
# makefile (from 'Makefile', line 5)
SRC = $(wildcard *.c)
# environment
XDG_SESSION_TYPE = x11
# environment
VSCODE_LOG_NATIVE = false
# automatic
?D = $(patsubst %/,%,$(dir $?))
# automatic
@D = $(patsubst %/,%,$(dir $@))
# environment
XAUTHORITY = /home/sar-user/.Xauthority
# environment
GDMSESSION = lxqt
# default
MAKE_VERSION := 4.2.1
# makefile
CURDIR := /media/sf_shared/OS/Abgabe4
# makefile
SHELL = /bin/sh
# environment
GDM_LANG = de_DE
# environment
VSCODE_NLS_CONFIG = {"locale":"de","availableLanguages":{},"_languagePackSupport":true}
# environment
_ = /usr/share/code/code
# makefile (from 'Makefile', line 10)
CFLAGS = -std=gnu11 -c -g -Os -Wall -MMD -MP
# environment
XDG_CONFIG_DIRS = /etc/xdg/xdg-lxqt:/etc/xdg:/etc:/usr/share
# environment
GTK_OVERLAY_SCROLLING = 0
# makefile (from 'Makefile', line 1)
MAKEFILE_LIST :=  Makefile
# automatic
@F = $(notdir $@)
# 'override' directive
GNUMAKEFLAGS := 
# environment
MANDATORY_PATH = /usr/share/gconf/lxqt.mandatory.path
# environment
XDG_DATA_DIRS = /usr/share/lxqt:/usr/local/share:/usr/share:/var/lib/snapd/desktop
# environment
DBUS_SESSION_BUS_ADDRESS = unix:path=/run/user/1000/bus
# environment
VSCODE_VERBOSE_LOGGING = true
# environment
LESSOPEN = | /usr/bin/lesspipe %s
# environment
VSCODE_CWD = /home/sar-user
# environment
XDG_SESSION_PATH = /org/freedesktop/DisplayManager/Session0
# default
MAKE_HOST := x86_64-pc-linux-gnu
# environment
PATH = /usr/local/sbin:/usr/local/bin:/usr/sbin:/usr/bin:/sbin:/bin:/usr/games:/usr/local/games:/snap/bin
# environment
GPG_AGENT_INFO = /run/user/1000/gnupg/S.gpg-agent:0:1
# makefile (from 'Makefile', line 13)
DEP = $(OBJ:%.o=%.d)
# environment
LXQT_SESSION_CONFIG = session
# environment
XDG_RUNTIME_DIR = /run/user/1000
# environment
XDG_MENU_PREFIX = lxqt-
# environment
VSCODE_LOG_STACK = false
# environment
ELECTRON_RUN_AS_NODE = 1
# default
.FEATURES := target-specific order-only second-expansion else-if shortest-stem undefine oneshell archives jobserver output-sync check-symlink load
# environment
XDG_GREETER_DATA_DIR = /var/lib/lightdm-data/sar-user
# environment
LS_COLORS = 
# environment
XDG_SESSION_DESKTOP = lxqt
# environment
SSH_AUTH_SOCK = /tmp/ssh-j9Rky4DgEafT/agent.779
# automatic
%F = $(notdir $%)
# environment
DISPLAY = :0
# environment
VSCODE_PIPE_LOGGING = true
# environment
PWD = /media/sf_shared/OS/Abgabe4
# environment
QT_QPA_PLATFORMTHEME = lxqt
# default
.LOADED := 
# environment
XDG_SEAT = seat0
# environment
SSH_AGENT_PID = 868
# environment
ORIGINAL_XDG_CURRENT_DESKTOP = LXQt
# environment
VSCODE_AMD_ENTRYPOINT = vs/workbench/api/node/extensionHostProcess
# environment
HOME = /home/sar-user
# automatic
+D = $(patsubst %/,%,$(dir $+))
# environment
XDG_CACHE_HOME = /home/sar-user/.cache
# environment
LESSCLOSE = /usr/bin/lesspipe %s %s
# environment
VSCODE_CODE_CACHE_PATH = /home/sar-user/.config/Code/CachedData/dfd34e8260c270da74b5c2d86d61aee4b6d56977
# makefile (from 'Makefile', line 7)
TAR = threadpool
# environment
LOGNAME = sar-user
# environment
APPLICATION_INSIGHTS_NO_DIAGNOSTIC_CHANNEL = 1
# environment
VSCODE_HANDLES_UNCAUGHT_ERRORS = true
# automatic
^D = $(patsubst %/,%,$(dir $^))
# environment
XDG_VTNR = 7
# environment
MAKELEVEL := 0
# default
MAKE = $(MAKE_COMMAND)
# default
MAKECMDGOALS := all
# environment
SHLVL = 0
# environment
VSCODE_IPC_HOOK_EXTHOST = /run/user/1000/vscode-ipc-cc0244cb-93c0-4e1a-8af1-f7b5ea09210e.sock
# environment
XDG_SESSION_ID = c1
# environment
USER = sar-user
# makefile
.DEFAULT_GOAL := threadpool
# environment
XDG_CURRENT_DESKTOP = LXQt
# automatic
%D = $(patsubst %/,%,$(dir $%))
# environment
SAL_USE_VCLPLUGIN = kde4
# makefile (from 'Makefile', line 11)
LFLAGS = -pthread
# default
MAKE_COMMAND := make
# default
.VARIABLES := 
# automatic
*F = $(notdir $*)
# environment
LANGUAGE = de_DE
# environment
XDG_SEAT_PATH = /org/freedesktop/DisplayManager/Seat0
# makefile (from 'Makefile', line 8)
PCK = lab-4.zip
# environment
VSCODE_IPC_HOOK = /run/user/1000/vscode-9cc9e1fe-1.66.2-main.sock
# makefile
MAKEFLAGS = pqrR
# environment
MFLAGS = -pqrR
# automatic
*D = $(patsubst %/,%,$(dir $*))
# environment
GTK_CSD = 0
# environment
GDK_BACKEND = x11
# environment
QT_PLATFORM_PLUGIN = lxqt
# automatic
+F = $(notdir $+)
# environment
NO_AT_BRIDGE = 1
# environment
DEFAULTS_PATH = /usr/share/gconf/lxqt.default.path
# default
MAKEFILES := 
# automatic
<F = $(notdir $<)
# environment
XDG_CONFIG_HOME = /home/sar-user/.config
# environment
LC_ALL = C
# automatic
^F = $(notdir $^)
# environment
XDG_DATA_HOME = /home/sar-user/.local/share
# default
SUFFIXES := 
# environment
CHROME_DESKTOP = code-url-handler.desktop
# default
.INCLUDE_DIRS = /usr/include /usr/local/include /usr/include
# default
.RECIPEPREFIX := 
# environment
LANG = C
# environment
VSCODE_PID = 1124
# variable set hash-table stats:
# Load=107/1024=10%, Rehash=0, Collisions=12/146=8%

# Pattern-specific Variable Values

# No pattern-specific variable values.

# Directories

# . (device 49, inode 50): 10 files, no impossibilities.

# 10 files, no impossibilities in 1 directories.

# Implicit Rules

%.o: %.c
#  recipe to execute (from 'Makefile', line 17):
	$(CC) $(CFLAGS) $< -o $@

# 1 implicit rules, 0 (0.0%) terminal.

# Files

# Not a target:
quicksort.o:
#  Implicit rule search has not been done.
#  Modification time never checked.
#  File has not been updated.

pack: clean
#  Phony target (prerequisite of .PHONY).
#  Implicit rule search has not been done.
#  File does not exist.
#  File has not been updated.
#  recipe to execute (from 'Makefile', line 31):
	zip $(PCK) $(SRC) $(wildcard *.h) $(wildcard *.pdf) $(wildcard *.txt) Makefile

all: threadpool
#  Phony target (prerequisite of .PHONY).
#  Command line target.
#  Implicit rule search has not been done.
#  File does not exist.
#  File has been updated.
#  Needs to be updated (-q is set).
# variable set hash-table stats:
# Load=0/32=0%, Rehash=0, Collisions=0/5=0%

.PHONY: all run pack clean
#  Implicit rule search has not been done.
#  Modification time never checked.
#  File has not been updated.

# Not a target:
threadpool.c:
#  Implicit rule search has been done.
 
#  Last modified 2020-06-08 17:22:25
#  File has been updated.
#  Successfully updated.

.SUFFIXES:
#  Implicit rule search has not been done.
#  Modification time never checked.
#  File has not been updated.

# Not a target:
Makefile:
#  Implicit rule search has been done.
#  Last modified 2020-06-09 01:34:59
#  File has been updated.
#  Successfully updated.

# Not a target:
array.d:
#  Implicit rule search has been done.
#  File does not exist.
#  File has been updated.
#  Failed to be updated.

# Not a target:
main.d:
#  Implicit rule search has been done.
#  File does not exist.
#  File has been updated.
#  Failed to be updated.

# Not a target:
.DEFAULT:
#  Implicit rule search has not been done.
#  Modification time never checked.
#  File has not been updated.

# Not a target:
threadpool.d:
#  Implicit rule search has been done.
#  File does not exist.
#  File has been updated.
#  Failed to be updated.

# Not a target:
array.o:
#  Implicit rule search has not been done.
#  Modification time never checked.
#  File has not been updated.

run: all
#  Phony target (prerequisite of .PHONY).
#  Implicit rule search has not been done.
#  File does not exist.
#  File has not been updated.
#  recipe to execute (from 'Makefile', line 28):
	./$(TAR)

clean:
#  Phony target (prerequisite of .PHONY).
#  Implicit rule search has not been done.
#  File does not exist.
#  File has not been updated.
#  recipe to execute (from 'Makefile', line 34):
	$(RM) $(RMFILES) $(OBJ) $(TAR) bench $(DEP) $(PCK)

# Not a target:
quicksort.d:
#  Implicit rule search has been done.
#  File does not exist.
#  File has been updated.
#  Failed to be updated.

bench: threadpool.o quicksort.o array.o
#  Implicit rule search has not been done.
#  Modification time never checked.
#  File has not been updated.
#  recipe to execute (from 'Makefile', line 25):
	$(CC) $(LFLAGS) -o $@ $^

# Not a target:
main.o:
#  Implicit rule search has not been done.
#  Modification time never checked.
#  File has not been updated.

threadpool: threadpool.o main.o array.o
#  Implicit rule search has not been done.
#  File does not exist.
#  File has been updated.
#  Needs to be updated (-q is set).
# variable set hash-table stats:
# Load=0/32=0%, Rehash=0, Collisions=0/5=0%
#  recipe to execute (from 'Makefile', line 20):
	$(CC) $(LFLAGS) -o $@ $^

threadpool.o: threadpool.c
#  Implicit rule search has been done.
#  Implicit/static pattern stem: 'threadpool'
#  File does not exist.
#  File has been updated.
#  Needs to be updated (-q is set).
# automatic
# @ := threadpool.o
# automatic
# % := 
# automatic
# * := threadpool
# automatic
# + := threadpool.c
# automatic
# | := 
# automatic
# < := threadpool.c
# automatic
# ^ := threadpool.c
# automatic
# ? := threadpool.c
# variable set hash-table stats:
# Load=8/32=25%, Rehash=0, Collisions=1/15=7%
#  recipe to execute (from 'Makefile', line 17):
	$(CC) $(CFLAGS) $< -o $@

# files hash-table stats:
# Load=19/1024=2%, Rehash=0, Collisions=0/54=0%
# VPATH Search Paths

# No 'vpath' search paths.

# No general ('VPATH' variable) search path.

# strcache buffers: 1 (0) / strings = 31 / storage = 265 B / avg = 8 B
# current buf: size = 8162 B / used = 265 B / count = 31 / avg = 8 B

# strcache performance: lookups = 61 / hit rate = 49%
# hash-table stats:
# Load=31/8192=0%, Rehash=0, Collisions=1/61=2%
# Finished Make data base on Sat Jun 25 10:37:36 2022

 
